mode: atomic
github.com/iwen-conf/go-deploy-guard-sdk/activate.go:20.87,21.21 1 7
github.com/iwen-conf/go-deploy-guard-sdk/activate.go:21.21,23.3 1 1
github.com/iwen-conf/go-deploy-guard-sdk/activate.go:24.2,24.16 1 6
github.com/iwen-conf/go-deploy-guard-sdk/activate.go:24.16,26.3 1 1
github.com/iwen-conf/go-deploy-guard-sdk/activate.go:27.2,27.24 1 5
github.com/iwen-conf/go-deploy-guard-sdk/activate.go:27.24,29.3 1 1
github.com/iwen-conf/go-deploy-guard-sdk/activate.go:31.2,35.17 2 4
github.com/iwen-conf/go-deploy-guard-sdk/activate.go:35.17,37.3 1 4
github.com/iwen-conf/go-deploy-guard-sdk/activate.go:39.2,40.16 2 4
github.com/iwen-conf/go-deploy-guard-sdk/activate.go:40.16,42.3 1 0
github.com/iwen-conf/go-deploy-guard-sdk/activate.go:44.2,47.16 4 4
github.com/iwen-conf/go-deploy-guard-sdk/activate.go:47.16,49.3 1 0
github.com/iwen-conf/go-deploy-guard-sdk/activate.go:50.2,53.16 3 4
github.com/iwen-conf/go-deploy-guard-sdk/activate.go:53.16,55.3 1 0
github.com/iwen-conf/go-deploy-guard-sdk/activate.go:56.2,58.38 2 4
github.com/iwen-conf/go-deploy-guard-sdk/activate.go:58.38,64.24 3 3
github.com/iwen-conf/go-deploy-guard-sdk/activate.go:65.24,66.30 1 1
github.com/iwen-conf/go-deploy-guard-sdk/activate.go:67.27,68.33 1 1
github.com/iwen-conf/go-deploy-guard-sdk/activate.go:69.22,70.29 1 1
github.com/iwen-conf/go-deploy-guard-sdk/activate.go:71.11,72.112 1 0
github.com/iwen-conf/go-deploy-guard-sdk/activate.go:76.2,77.67 2 1
github.com/iwen-conf/go-deploy-guard-sdk/activate.go:77.67,79.3 1 0
github.com/iwen-conf/go-deploy-guard-sdk/activate.go:81.2,81.21 1 1
github.com/iwen-conf/go-deploy-guard-sdk/config.go:50.32,51.30 1 6
github.com/iwen-conf/go-deploy-guard-sdk/config.go:51.30,53.3 1 6
github.com/iwen-conf/go-deploy-guard-sdk/config.go:54.2,54.43 1 6
github.com/iwen-conf/go-deploy-guard-sdk/config.go:54.43,56.3 1 6
github.com/iwen-conf/go-deploy-guard-sdk/config.go:57.2,57.40 1 6
github.com/iwen-conf/go-deploy-guard-sdk/config.go:57.40,59.3 1 6
github.com/iwen-conf/go-deploy-guard-sdk/config.go:60.2,60.30 1 6
github.com/iwen-conf/go-deploy-guard-sdk/config.go:60.30,62.3 1 6
github.com/iwen-conf/go-deploy-guard-sdk/config.go:63.2,63.26 1 6
github.com/iwen-conf/go-deploy-guard-sdk/config.go:63.26,65.3 1 6
github.com/iwen-conf/go-deploy-guard-sdk/config.go:66.2,66.32 1 6
github.com/iwen-conf/go-deploy-guard-sdk/config.go:66.32,68.3 1 6
github.com/iwen-conf/go-deploy-guard-sdk/config.go:69.2,69.33 1 6
github.com/iwen-conf/go-deploy-guard-sdk/config.go:69.33,71.3 1 6
github.com/iwen-conf/go-deploy-guard-sdk/fingerprint.go:20.49,22.16 2 2
github.com/iwen-conf/go-deploy-guard-sdk/fingerprint.go:22.16,24.3 1 0
github.com/iwen-conf/go-deploy-guard-sdk/fingerprint.go:26.2,33.60 6 2
github.com/iwen-conf/go-deploy-guard-sdk/fingerprint.go:33.60,36.3 2 2
github.com/iwen-conf/go-deploy-guard-sdk/fingerprint.go:38.2,38.50 1 2
github.com/iwen-conf/go-deploy-guard-sdk/fingerprint.go:38.50,40.3 1 2
github.com/iwen-conf/go-deploy-guard-sdk/fingerprint.go:42.2,42.46 1 2
github.com/iwen-conf/go-deploy-guard-sdk/fingerprint.go:42.46,44.3 1 2
github.com/iwen-conf/go-deploy-guard-sdk/fingerprint.go:46.2,46.64 1 2
github.com/iwen-conf/go-deploy-guard-sdk/fingerprint.go:49.42,51.2 1 19
github.com/iwen-conf/go-deploy-guard-sdk/fingerprint.go:53.54,55.2 1 4
github.com/iwen-conf/go-deploy-guard-sdk/fingerprint.go:57.33,59.16 2 2
github.com/iwen-conf/go-deploy-guard-sdk/fingerprint.go:59.16,61.3 1 0
github.com/iwen-conf/go-deploy-guard-sdk/fingerprint.go:62.2,63.31 2 2
github.com/iwen-conf/go-deploy-guard-sdk/fingerprint.go:63.31,64.40 1 48
github.com/iwen-conf/go-deploy-guard-sdk/fingerprint.go:64.40,65.12 1 2
github.com/iwen-conf/go-deploy-guard-sdk/fingerprint.go:67.3,67.32 1 46
github.com/iwen-conf/go-deploy-guard-sdk/fingerprint.go:67.32,68.12 1 14
github.com/iwen-conf/go-deploy-guard-sdk/fingerprint.go:70.3,71.16 2 32
github.com/iwen-conf/go-deploy-guard-sdk/fingerprint.go:71.16,73.4 1 32
github.com/iwen-conf/go-deploy-guard-sdk/fingerprint.go:75.2,75.13 1 2
github.com/iwen-conf/go-deploy-guard-sdk/guard.go:36.38,39.25 2 6
github.com/iwen-conf/go-deploy-guard-sdk/guard.go:39.25,41.3 1 1
github.com/iwen-conf/go-deploy-guard-sdk/guard.go:42.2,42.26 1 5
github.com/iwen-conf/go-deploy-guard-sdk/guard.go:42.26,44.3 1 1
github.com/iwen-conf/go-deploy-guard-sdk/guard.go:45.2,45.29 1 4
github.com/iwen-conf/go-deploy-guard-sdk/guard.go:45.29,47.3 1 1
github.com/iwen-conf/go-deploy-guard-sdk/guard.go:48.2,48.27 1 3
github.com/iwen-conf/go-deploy-guard-sdk/guard.go:48.27,50.3 1 1
github.com/iwen-conf/go-deploy-guard-sdk/guard.go:51.2,51.29 1 2
github.com/iwen-conf/go-deploy-guard-sdk/guard.go:51.29,53.3 1 1
github.com/iwen-conf/go-deploy-guard-sdk/guard.go:55.2,56.18 2 1
github.com/iwen-conf/go-deploy-guard-sdk/guard.go:56.18,58.3 1 0
github.com/iwen-conf/go-deploy-guard-sdk/guard.go:59.2,59.47 1 1
github.com/iwen-conf/go-deploy-guard-sdk/guard.go:59.47,61.3 1 0
github.com/iwen-conf/go-deploy-guard-sdk/guard.go:62.2,65.16 3 1
github.com/iwen-conf/go-deploy-guard-sdk/guard.go:65.16,67.3 1 0
github.com/iwen-conf/go-deploy-guard-sdk/guard.go:69.2,70.43 2 1
github.com/iwen-conf/go-deploy-guard-sdk/guard.go:70.43,72.3 1 0
github.com/iwen-conf/go-deploy-guard-sdk/guard.go:74.2,83.8 1 1
github.com/iwen-conf/go-deploy-guard-sdk/guard.go:86.50,90.42 3 0
github.com/iwen-conf/go-deploy-guard-sdk/guard.go:90.42,93.3 2 0
github.com/iwen-conf/go-deploy-guard-sdk/guard.go:94.2,98.12 3 0
github.com/iwen-conf/go-deploy-guard-sdk/guard.go:101.24,102.21 1 0
github.com/iwen-conf/go-deploy-guard-sdk/guard.go:102.21,104.3 1 0
github.com/iwen-conf/go-deploy-guard-sdk/guard.go:107.31,108.24 1 5
github.com/iwen-conf/go-deploy-guard-sdk/guard.go:109.31,110.13 1 2
github.com/iwen-conf/go-deploy-guard-sdk/guard.go:111.19,112.19 1 1
github.com/iwen-conf/go-deploy-guard-sdk/guard.go:113.19,114.19 1 1
github.com/iwen-conf/go-deploy-guard-sdk/guard.go:115.17,116.25 1 1
github.com/iwen-conf/go-deploy-guard-sdk/guard.go:117.10,118.25 1 0
github.com/iwen-conf/go-deploy-guard-sdk/guard.go:122.31,124.2 1 0
github.com/iwen-conf/go-deploy-guard-sdk/guard.go:126.38,130.2 3 101
github.com/iwen-conf/go-deploy-guard-sdk/guard.go:132.57,136.2 3 101
github.com/iwen-conf/go-deploy-guard-sdk/guard.go:138.48,141.19 3 2
github.com/iwen-conf/go-deploy-guard-sdk/guard.go:141.19,143.3 1 1
github.com/iwen-conf/go-deploy-guard-sdk/guard.go:147.88,149.16 2 17
github.com/iwen-conf/go-deploy-guard-sdk/guard.go:149.16,151.3 1 0
github.com/iwen-conf/go-deploy-guard-sdk/guard.go:153.2,155.16 3 17
github.com/iwen-conf/go-deploy-guard-sdk/guard.go:155.16,157.3 1 0
github.com/iwen-conf/go-deploy-guard-sdk/guard.go:158.2,161.16 3 17
github.com/iwen-conf/go-deploy-guard-sdk/guard.go:161.16,163.3 1 1
github.com/iwen-conf/go-deploy-guard-sdk/guard.go:164.2,166.38 2 16
github.com/iwen-conf/go-deploy-guard-sdk/guard.go:166.38,168.3 1 0
github.com/iwen-conf/go-deploy-guard-sdk/guard.go:170.2,170.66 1 16
github.com/iwen-conf/go-deploy-guard-sdk/guard.go:170.66,172.3 1 0
github.com/iwen-conf/go-deploy-guard-sdk/guard.go:174.2,174.12 1 16
github.com/iwen-conf/go-deploy-guard-sdk/guard.go:177.27,181.2 3 2
github.com/iwen-conf/go-deploy-guard-sdk/guard.go:183.22,185.2 1 2
github.com/iwen-conf/go-deploy-guard-sdk/guard.go:187.26,189.2 1 2
github.com/iwen-conf/go-deploy-guard-sdk/guard.go:191.24,194.2 2 2
github.com/iwen-conf/go-deploy-guard-sdk/heartbeat.go:10.53,14.12 3 0
github.com/iwen-conf/go-deploy-guard-sdk/heartbeat.go:14.12,15.7 1 0
github.com/iwen-conf/go-deploy-guard-sdk/heartbeat.go:15.7,17.11 2 0
github.com/iwen-conf/go-deploy-guard-sdk/heartbeat.go:18.22,19.11 1 0
github.com/iwen-conf/go-deploy-guard-sdk/heartbeat.go:20.30,20.30 0 0
github.com/iwen-conf/go-deploy-guard-sdk/heartbeat.go:23.4,24.18 2 0
github.com/iwen-conf/go-deploy-guard-sdk/heartbeat.go:24.18,27.13 3 0
github.com/iwen-conf/go-deploy-guard-sdk/heartbeat.go:30.4,30.25 1 0
github.com/iwen-conf/go-deploy-guard-sdk/heartbeat.go:30.25,33.5 2 0
github.com/iwen-conf/go-deploy-guard-sdk/heartbeat.go:36.4,37.27 2 0
github.com/iwen-conf/go-deploy-guard-sdk/heartbeat.go:37.27,39.5 1 0
github.com/iwen-conf/go-deploy-guard-sdk/heartbeat.go:41.4,41.69 1 0
github.com/iwen-conf/go-deploy-guard-sdk/heartbeat.go:41.69,44.5 2 0
github.com/iwen-conf/go-deploy-guard-sdk/heartbeat.go:49.39,54.38 4 13
github.com/iwen-conf/go-deploy-guard-sdk/heartbeat.go:54.38,56.3 1 10
github.com/iwen-conf/go-deploy-guard-sdk/heartbeat.go:57.2,66.45 3 13
github.com/iwen-conf/go-deploy-guard-sdk/heartbeat.go:66.45,71.3 1 0
github.com/iwen-conf/go-deploy-guard-sdk/heartbeat.go:73.2,81.94 3 13
github.com/iwen-conf/go-deploy-guard-sdk/heartbeat.go:81.94,83.3 1 1
github.com/iwen-conf/go-deploy-guard-sdk/heartbeat.go:85.2,85.27 1 12
github.com/iwen-conf/go-deploy-guard-sdk/heartbeat.go:85.27,88.3 2 1
github.com/iwen-conf/go-deploy-guard-sdk/heartbeat.go:91.2,91.45 1 11
github.com/iwen-conf/go-deploy-guard-sdk/heartbeat.go:91.45,92.34 1 0
github.com/iwen-conf/go-deploy-guard-sdk/heartbeat.go:92.34,93.25 1 0
github.com/iwen-conf/go-deploy-guard-sdk/heartbeat.go:93.25,95.5 1 0
github.com/iwen-conf/go-deploy-guard-sdk/heartbeat.go:99.2,99.12 1 11
github.com/iwen-conf/go-deploy-guard-sdk/heartbeat.go:121.35,123.2 1 0
github.com/iwen-conf/go-deploy-guard-sdk/license.go:21.39,23.54 1 2
github.com/iwen-conf/go-deploy-guard-sdk/license.go:23.54,25.17 2 2
github.com/iwen-conf/go-deploy-guard-sdk/license.go:25.17,27.51 2 2
github.com/iwen-conf/go-deploy-guard-sdk/license.go:27.51,29.5 1 0
github.com/iwen-conf/go-deploy-guard-sdk/license.go:34.2,55.91 3 2
github.com/iwen-conf/go-deploy-guard-sdk/license.go:55.91,57.3 1 0
github.com/iwen-conf/go-deploy-guard-sdk/license.go:59.2,59.22 1 2
github.com/iwen-conf/go-deploy-guard-sdk/license.go:59.22,60.21 1 1
github.com/iwen-conf/go-deploy-guard-sdk/license.go:61.48,62.28 1 0
github.com/iwen-conf/go-deploy-guard-sdk/license.go:63.26,64.28 1 1
github.com/iwen-conf/go-deploy-guard-sdk/license.go:65.33,66.34 1 0
github.com/iwen-conf/go-deploy-guard-sdk/license.go:67.32,68.33 1 0
github.com/iwen-conf/go-deploy-guard-sdk/license.go:69.25,70.27 1 0
github.com/iwen-conf/go-deploy-guard-sdk/license.go:71.11,72.62 1 0
github.com/iwen-conf/go-deploy-guard-sdk/license.go:77.2,79.12 2 1
github.com/iwen-conf/go-deploy-guard-sdk/license.go:82.60,94.16 5 2
github.com/iwen-conf/go-deploy-guard-sdk/license.go:94.16,96.3 1 0
github.com/iwen-conf/go-deploy-guard-sdk/license.go:97.2,97.61 1 2
github.com/iwen-conf/go-deploy-guard-sdk/license.go:100.61,103.16 3 4
github.com/iwen-conf/go-deploy-guard-sdk/license.go:103.16,105.3 1 0
github.com/iwen-conf/go-deploy-guard-sdk/license.go:106.2,107.51 2 4
github.com/iwen-conf/go-deploy-guard-sdk/license.go:107.51,109.3 1 0
github.com/iwen-conf/go-deploy-guard-sdk/license.go:110.2,110.21 1 4
github.com/iwen-conf/go-deploy-guard-sdk/license.go:113.35,116.2 2 6
github.com/iwen-conf/go-deploy-guard-sdk/state.go:15.32,16.11 1 0
github.com/iwen-conf/go-deploy-guard-sdk/state.go:17.17,18.16 1 0
github.com/iwen-conf/go-deploy-guard-sdk/state.go:19.19,20.18 1 0
github.com/iwen-conf/go-deploy-guard-sdk/state.go:21.18,22.17 1 0
github.com/iwen-conf/go-deploy-guard-sdk/state.go:23.19,24.18 1 0
github.com/iwen-conf/go-deploy-guard-sdk/state.go:25.19,26.18 1 0
github.com/iwen-conf/go-deploy-guard-sdk/state.go:27.10,28.19 1 0
github.com/iwen-conf/go-deploy-guard-sdk/state.go:37.38,39.2 1 16
github.com/iwen-conf/go-deploy-guard-sdk/state.go:41.41,45.2 3 17
github.com/iwen-conf/go-deploy-guard-sdk/state.go:47.43,50.53 3 10
github.com/iwen-conf/go-deploy-guard-sdk/state.go:50.53,52.3 1 10
github.com/iwen-conf/go-deploy-guard-sdk/state.go:55.41,58.55 3 1
github.com/iwen-conf/go-deploy-guard-sdk/state.go:58.55,60.3 1 1
github.com/iwen-conf/go-deploy-guard-sdk/state.go:63.43,66.29 3 4
github.com/iwen-conf/go-deploy-guard-sdk/state.go:66.29,68.3 1 4
github.com/iwen-conf/go-deploy-guard-sdk/state.go:71.34,75.2 3 7
github.com/iwen-conf/go-deploy-guard-sdk/state.go:77.48,80.28 3 2
github.com/iwen-conf/go-deploy-guard-sdk/state.go:80.28,82.3 1 2
github.com/iwen-conf/go-deploy-guard-sdk/updater.go:21.56,23.40 1 0
github.com/iwen-conf/go-deploy-guard-sdk/updater.go:23.40,24.27 1 0
github.com/iwen-conf/go-deploy-guard-sdk/updater.go:24.27,26.4 1 0
github.com/iwen-conf/go-deploy-guard-sdk/updater.go:27.3,27.9 1 0
github.com/iwen-conf/go-deploy-guard-sdk/updater.go:30.2,30.45 1 0
github.com/iwen-conf/go-deploy-guard-sdk/updater.go:30.45,31.29 1 0
github.com/iwen-conf/go-deploy-guard-sdk/updater.go:31.29,32.28 1 0
github.com/iwen-conf/go-deploy-guard-sdk/updater.go:32.28,34.24 1 0
github.com/iwen-conf/go-deploy-guard-sdk/updater.go:35.24,36.27 1 0
github.com/iwen-conf/go-deploy-guard-sdk/updater.go:37.25,38.32 1 0
github.com/iwen-conf/go-deploy-guard-sdk/updater.go:39.13,40.32 1 0
github.com/iwen-conf/go-deploy-guard-sdk/updater.go:43.4,43.10 1 0
github.com/iwen-conf/go-deploy-guard-sdk/updater.go:48.45,59.39 7 0
github.com/iwen-conf/go-deploy-guard-sdk/updater.go:59.39,61.3 1 0
github.com/iwen-conf/go-deploy-guard-sdk/updater.go:64.2,65.16 2 0
github.com/iwen-conf/go-deploy-guard-sdk/updater.go:65.16,67.39 2 0
github.com/iwen-conf/go-deploy-guard-sdk/updater.go:67.39,69.4 1 0
github.com/iwen-conf/go-deploy-guard-sdk/updater.go:70.3,70.38 1 0
github.com/iwen-conf/go-deploy-guard-sdk/updater.go:70.38,72.4 1 0
github.com/iwen-conf/go-deploy-guard-sdk/updater.go:73.3,73.9 1 0
github.com/iwen-conf/go-deploy-guard-sdk/updater.go:76.2,76.39 1 0
github.com/iwen-conf/go-deploy-guard-sdk/updater.go:76.39,78.3 1 0
github.com/iwen-conf/go-deploy-guard-sdk/updater.go:81.2,82.16 2 0
github.com/iwen-conf/go-deploy-guard-sdk/updater.go:82.16,84.39 2 0
github.com/iwen-conf/go-deploy-guard-sdk/updater.go:84.39,86.4 1 0
github.com/iwen-conf/go-deploy-guard-sdk/updater.go:87.3,87.38 1 0
github.com/iwen-conf/go-deploy-guard-sdk/updater.go:87.38,89.4 1 0
github.com/iwen-conf/go-deploy-guard-sdk/updater.go:90.3,90.9 1 0
github.com/iwen-conf/go-deploy-guard-sdk/updater.go:92.2,94.39 2 0
github.com/iwen-conf/go-deploy-guard-sdk/updater.go:94.39,96.3 1 0
github.com/iwen-conf/go-deploy-guard-sdk/updater.go:99.2,99.32 1 0
github.com/iwen-conf/go-deploy-guard-sdk/updater.go:99.32,102.39 3 0
github.com/iwen-conf/go-deploy-guard-sdk/updater.go:102.39,104.4 1 0
github.com/iwen-conf/go-deploy-guard-sdk/updater.go:105.3,105.38 1 0
github.com/iwen-conf/go-deploy-guard-sdk/updater.go:105.38,107.4 1 0
github.com/iwen-conf/go-deploy-guard-sdk/updater.go:108.3,108.9 1 0
github.com/iwen-conf/go-deploy-guard-sdk/updater.go:112.2,112.65 1 0
github.com/iwen-conf/go-deploy-guard-sdk/updater.go:112.65,114.39 2 0
github.com/iwen-conf/go-deploy-guard-sdk/updater.go:114.39,116.4 1 0
github.com/iwen-conf/go-deploy-guard-sdk/updater.go:117.3,117.38 1 0
github.com/iwen-conf/go-deploy-guard-sdk/updater.go:117.38,119.4 1 0
github.com/iwen-conf/go-deploy-guard-sdk/updater.go:120.3,120.9 1 0
github.com/iwen-conf/go-deploy-guard-sdk/updater.go:123.2,123.39 1 0
github.com/iwen-conf/go-deploy-guard-sdk/updater.go:123.39,125.3 1 0
github.com/iwen-conf/go-deploy-guard-sdk/updater.go:128.2,129.16 2 0
github.com/iwen-conf/go-deploy-guard-sdk/updater.go:129.16,131.39 2 0
github.com/iwen-conf/go-deploy-guard-sdk/updater.go:131.39,133.4 1 0
github.com/iwen-conf/go-deploy-guard-sdk/updater.go:134.3,134.38 1 0
github.com/iwen-conf/go-deploy-guard-sdk/updater.go:134.38,136.4 1 0
github.com/iwen-conf/go-deploy-guard-sdk/updater.go:137.3,137.9 1 0
github.com/iwen-conf/go-deploy-guard-sdk/updater.go:140.2,140.73 1 0
github.com/iwen-conf/go-deploy-guard-sdk/updater.go:140.73,142.39 2 0
github.com/iwen-conf/go-deploy-guard-sdk/updater.go:142.39,144.4 1 0
github.com/iwen-conf/go-deploy-guard-sdk/updater.go:145.3,145.38 1 0
github.com/iwen-conf/go-deploy-guard-sdk/updater.go:145.38,147.4 1 0
github.com/iwen-conf/go-deploy-guard-sdk/updater.go:148.3,148.9 1 0
github.com/iwen-conf/go-deploy-guard-sdk/updater.go:152.2,158.37 5 0
github.com/iwen-conf/go-deploy-guard-sdk/updater.go:158.37,160.3 1 0
github.com/iwen-conf/go-deploy-guard-sdk/updater.go:162.2,162.39 1 0
github.com/iwen-conf/go-deploy-guard-sdk/updater.go:162.39,164.3 1 0
github.com/iwen-conf/go-deploy-guard-sdk/updater.go:167.117,187.83 5 2
github.com/iwen-conf/go-deploy-guard-sdk/updater.go:187.83,189.3 1 0
github.com/iwen-conf/go-deploy-guard-sdk/updater.go:191.2,191.22 1 2
github.com/iwen-conf/go-deploy-guard-sdk/updater.go:191.22,193.3 1 0
github.com/iwen-conf/go-deploy-guard-sdk/updater.go:195.2,195.59 1 2
github.com/iwen-conf/go-deploy-guard-sdk/updater.go:198.122,205.16 5 1
github.com/iwen-conf/go-deploy-guard-sdk/updater.go:205.16,207.3 1 0
github.com/iwen-conf/go-deploy-guard-sdk/updater.go:209.2,210.16 2 1
github.com/iwen-conf/go-deploy-guard-sdk/updater.go:210.16,212.3 1 0
github.com/iwen-conf/go-deploy-guard-sdk/updater.go:213.2,215.42 2 1
github.com/iwen-conf/go-deploy-guard-sdk/updater.go:215.42,217.3 1 0
github.com/iwen-conf/go-deploy-guard-sdk/updater.go:219.2,220.16 2 1
github.com/iwen-conf/go-deploy-guard-sdk/updater.go:220.16,222.3 1 0
github.com/iwen-conf/go-deploy-guard-sdk/updater.go:223.2,228.83 4 1
github.com/iwen-conf/go-deploy-guard-sdk/updater.go:228.83,231.3 2 0
github.com/iwen-conf/go-deploy-guard-sdk/updater.go:233.2,234.40 2 1
github.com/iwen-conf/go-deploy-guard-sdk/updater.go:237.66,239.16 2 2
github.com/iwen-conf/go-deploy-guard-sdk/updater.go:239.16,241.3 1 0
github.com/iwen-conf/go-deploy-guard-sdk/updater.go:243.2,244.50 2 2
github.com/iwen-conf/go-deploy-guard-sdk/updater.go:244.50,246.3 1 1
github.com/iwen-conf/go-deploy-guard-sdk/updater.go:248.2,248.12 1 1
github.com/iwen-conf/go-deploy-guard-sdk/updater.go:251.84,253.16 2 0
github.com/iwen-conf/go-deploy-guard-sdk/updater.go:253.16,255.3 1 0
github.com/iwen-conf/go-deploy-guard-sdk/updater.go:256.2,262.52 3 0
github.com/iwen-conf/go-deploy-guard-sdk/updater.go:262.52,263.53 1 0
github.com/iwen-conf/go-deploy-guard-sdk/updater.go:263.53,265.4 1 0
github.com/iwen-conf/go-deploy-guard-sdk/updater.go:266.3,266.13 1 0
github.com/iwen-conf/go-deploy-guard-sdk/updater.go:269.2,269.12 1 0
github.com/iwen-conf/go-deploy-guard-sdk/updater.go:272.67,279.39 4 0
github.com/iwen-conf/go-deploy-guard-sdk/updater.go:279.39,281.3 1 0
github.com/iwen-conf/go-deploy-guard-sdk/updater.go:283.2,298.100 3 0
github.com/iwen-conf/go-deploy-guard-sdk/updater.go:298.100,300.39 2 0
github.com/iwen-conf/go-deploy-guard-sdk/updater.go:300.39,302.4 1 0
github.com/iwen-conf/go-deploy-guard-sdk/updater.go:303.3,303.9 1 0
github.com/iwen-conf/go-deploy-guard-sdk/updater.go:305.2,305.22 1 0
github.com/iwen-conf/go-deploy-guard-sdk/updater.go:305.22,307.39 2 0
github.com/iwen-conf/go-deploy-guard-sdk/updater.go:307.39,309.4 1 0
github.com/iwen-conf/go-deploy-guard-sdk/updater.go:310.3,310.9 1 0
github.com/iwen-conf/go-deploy-guard-sdk/updater.go:313.2,313.39 1 0
github.com/iwen-conf/go-deploy-guard-sdk/updater.go:313.39,315.3 1 0
github.com/iwen-conf/go-deploy-guard-sdk/updater.go:318.2,320.16 3 0
github.com/iwen-conf/go-deploy-guard-sdk/updater.go:320.16,322.39 2 0
github.com/iwen-conf/go-deploy-guard-sdk/updater.go:322.39,324.4 1 0
github.com/iwen-conf/go-deploy-guard-sdk/updater.go:325.3,325.9 1 0
github.com/iwen-conf/go-deploy-guard-sdk/updater.go:327.2,329.42 2 0
github.com/iwen-conf/go-deploy-guard-sdk/updater.go:329.42,331.39 2 0
github.com/iwen-conf/go-deploy-guard-sdk/updater.go:331.39,333.4 1 0
github.com/iwen-conf/go-deploy-guard-sdk/updater.go:334.3,334.9 1 0
github.com/iwen-conf/go-deploy-guard-sdk/updater.go:337.2,338.16 2 0
github.com/iwen-conf/go-deploy-guard-sdk/updater.go:338.16,340.39 2 0
github.com/iwen-conf/go-deploy-guard-sdk/updater.go:340.39,342.4 1 0
github.com/iwen-conf/go-deploy-guard-sdk/updater.go:343.3,343.9 1 0
github.com/iwen-conf/go-deploy-guard-sdk/updater.go:345.2,347.39 2 0
github.com/iwen-conf/go-deploy-guard-sdk/updater.go:347.39,349.3 1 0
github.com/iwen-conf/go-deploy-guard-sdk/updater.go:352.2,357.16 5 0
github.com/iwen-conf/go-deploy-guard-sdk/updater.go:357.16,359.39 2 0
github.com/iwen-conf/go-deploy-guard-sdk/updater.go:359.39,361.4 1 0
github.com/iwen-conf/go-deploy-guard-sdk/updater.go:362.3,362.9 1 0
github.com/iwen-conf/go-deploy-guard-sdk/updater.go:364.2,367.6 3 0
github.com/iwen-conf/go-deploy-guard-sdk/updater.go:367.6,369.20 2 0
github.com/iwen-conf/go-deploy-guard-sdk/updater.go:369.20,370.9 1 0
github.com/iwen-conf/go-deploy-guard-sdk/updater.go:372.3,372.17 1 0
github.com/iwen-conf/go-deploy-guard-sdk/updater.go:372.17,374.40 2 0
github.com/iwen-conf/go-deploy-guard-sdk/updater.go:374.40,376.5 1 0
github.com/iwen-conf/go-deploy-guard-sdk/updater.go:377.4,377.10 1 0
github.com/iwen-conf/go-deploy-guard-sdk/updater.go:380.3,383.55 4 0
github.com/iwen-conf/go-deploy-guard-sdk/updater.go:383.55,385.12 2 0
github.com/iwen-conf/go-deploy-guard-sdk/updater.go:388.3,388.23 1 0
github.com/iwen-conf/go-deploy-guard-sdk/updater.go:389.20,390.46 1 0
github.com/iwen-conf/go-deploy-guard-sdk/updater.go:391.20,394.18 3 0
github.com/iwen-conf/go-deploy-guard-sdk/updater.go:394.18,396.41 2 0
github.com/iwen-conf/go-deploy-guard-sdk/updater.go:396.41,398.6 1 0
github.com/iwen-conf/go-deploy-guard-sdk/updater.go:399.5,399.11 1 0
github.com/iwen-conf/go-deploy-guard-sdk/updater.go:401.4,401.44 1 0
github.com/iwen-conf/go-deploy-guard-sdk/updater.go:401.44,404.41 3 0
github.com/iwen-conf/go-deploy-guard-sdk/updater.go:404.41,406.6 1 0
github.com/iwen-conf/go-deploy-guard-sdk/updater.go:407.5,407.11 1 0
github.com/iwen-conf/go-deploy-guard-sdk/updater.go:409.4,409.13 1 0
github.com/iwen-conf/go-deploy-guard-sdk/updater.go:413.2,413.39 1 0
github.com/iwen-conf/go-deploy-guard-sdk/updater.go:413.39,415.3 1 0
github.com/iwen-conf/go-deploy-guard-sdk/updater.go:418.2,419.31 2 0
github.com/iwen-conf/go-deploy-guard-sdk/updater.go:419.31,421.39 2 0
github.com/iwen-conf/go-deploy-guard-sdk/updater.go:421.39,423.4 1 0
github.com/iwen-conf/go-deploy-guard-sdk/updater.go:424.3,424.9 1 0
github.com/iwen-conf/go-deploy-guard-sdk/updater.go:427.2,427.39 1 0
github.com/iwen-conf/go-deploy-guard-sdk/updater.go:427.39,429.3 1 0
github.com/iwen-conf/go-deploy-guard-sdk/updater.go:432.2,435.43 3 0
github.com/iwen-conf/go-deploy-guard-sdk/updater.go:435.43,436.54 1 0
github.com/iwen-conf/go-deploy-guard-sdk/updater.go:436.54,438.40 2 0
github.com/iwen-conf/go-deploy-guard-sdk/updater.go:438.40,440.5 1 0
github.com/iwen-conf/go-deploy-guard-sdk/updater.go:441.4,441.10 1 0
github.com/iwen-conf/go-deploy-guard-sdk/updater.go:445.2,445.50 1 0
github.com/iwen-conf/go-deploy-guard-sdk/updater.go:445.50,448.39 3 0
github.com/iwen-conf/go-deploy-guard-sdk/updater.go:448.39,450.4 1 0
github.com/iwen-conf/go-deploy-guard-sdk/updater.go:451.3,451.9 1 0
github.com/iwen-conf/go-deploy-guard-sdk/updater.go:455.2,462.37 6 0
github.com/iwen-conf/go-deploy-guard-sdk/updater.go:462.37,464.3 1 0
github.com/iwen-conf/go-deploy-guard-sdk/updater.go:466.2,466.39 1 0
github.com/iwen-conf/go-deploy-guard-sdk/updater.go:466.39,468.3 1 0
github.com/iwen-conf/go-deploy-guard-sdk/updater.go:471.2,471.26 1 0
github.com/iwen-conf/go-deploy-guard-sdk/updater.go:471.26,472.41 1 0
github.com/iwen-conf/go-deploy-guard-sdk/updater.go:472.41,475.4 1 0
